BLOSUM: (C) Copyright 1992, Fred Hutchinson Cancer Research Center
Reading /data/blocks_5.0/blocks.dat
Minimum block strength=0, Maximum block strength=9999
No clustering will be used

2106 blocks processed, 2106 blocks contributed pairs to matrix
15255643.000000 total pairs,  27102 total sequences, 75307 total columns, 927076 total AAs

Frequencies = fij pairs (off-diagonals = 2*fij):
    A      R      N      D      C      Q      E      G      H      I      L      K      M      F      P      S      T      W      Y      V  
517734.00 
 46322.00 413127.00 
 37171.00  38175.00 318943.00 
 38669.00  26396.00  90345.00 503073.00 
 38326.00   6399.00  10205.00   6705.00 324703.00 
 44103.00  49269.00  34062.00  31033.00   5618.00 216551.00 
 63050.00  49054.00  43707.00 138010.00   5507.00  88689.00 468768.00 
123251.00  32196.00  57567.00  53642.00  12803.00  23394.00  36362.00 908975.00 
 20504.00  29444.00  30584.00  18145.00   3355.00  29517.00  28650.00  15284.00 225250.00 
 56076.00  19305.00  15508.00  14956.00  29710.00  14698.00  21097.00  18263.00   9855.00 450049.00 
 78964.00  37572.00  21904.00  21744.00  30101.00  32360.00  30150.00  34222.00  16592.00 265116.00 828980.00 
 64555.00 155191.00  48672.00  44089.00   7490.00  72151.00  79743.00  41722.00  22014.00  23899.00  38444.00 382175.00 
 22851.00  15691.00   8508.00   6484.00   8086.00  16517.00  11739.00  12554.00   6027.00  65017.00 134945.00  17172.00 147981.00 
 28001.00  15759.00  10792.00  12906.00  15500.00  11606.00  13123.00  18092.00  14490.00  61565.00 124985.00  16798.00  27081.00 402122.00 
 48480.00  17802.00  12231.00  19302.00   5269.00  16095.00  26679.00  22954.00   8169.00  14800.00  22923.00  26706.00   8170.00   9216.00 402998.00 
173272.00  45874.00  65092.00  54651.00  25029.00  37721.00  64188.00  88698.00  22792.00  32393.00  46575.00  56362.00  15422.00  22937.00  32371.00 370570.00 
 92947.00  36491.00  52122.00  40244.00  23743.00  28917.00  45489.00  46213.00  16316.00  57814.00  63338.00  44279.00  21819.00  24810.00  24039.00 138089.00 379390.00 
  7544.00   4649.00   2809.00   2369.00   2796.00   4607.00   5280.00   6787.00   3319.00   7432.00  13335.00   3260.00   5478.00  20161.00   3307.00   6026.00   4966.00 174934.00 
 23290.00  15395.00  12757.00  10785.00   8473.00  13318.00  13522.00  12271.00  36730.00  28044.00  40921.00  16425.00   9527.00 135164.00   7144.00  20015.00  18979.00  28747.00 317944.00 
108537.00  25164.00  18878.00  18886.00  34894.00  20375.00  36739.00  27441.00  10994.00 331620.00 209349.00  30274.00  54813.00  48615.00  19990.00  49710.00  85381.00  11141.00  24912.00 511223.00 
   A     R     N     D     C     Q     E     G     H     I     L     K     M     F     P     S     T     W     Y     V  

Target Probabilities=qij in blosumn.qij
sumqij = 1.000000

Marginal Probabilities by AA = p(i,*):
   A     R     N     D     C     Q     E     G     H     I     L     K     M     F     P     S     T     W     Y     V  
0.071 0.049 0.041 0.054 0.030 0.033 0.057 0.082 0.026 0.065 0.096 0.052 0.025 0.047 0.038 0.057 0.053 0.016 0.036 0.072 
sumpi=1.000
AA Frequencies = ai:
   72060    47671    38063    48555    22533    31697    54594    77275    22870    57132    84849    51457    22248    40562    39717    54328    50667    12772    31580    66446 
AA Probabilities = fi:
   A     R     N     D     C     Q     E     G     H     I     L     K     M     F     P     S     T     W     Y     V  
0.078 0.051 0.041 0.052 0.024 0.034 0.059 0.083 0.025 0.062 0.092 0.056 0.024 0.044 0.043 0.059 0.055 0.014 0.034 0.072 
sumpi=1.000

totpairs=15255643.000, FTotPairs=15255643.000
 totdiag=8265490.000, totoffd=6990153.000 totaas=927076, TotAas=927076

Entropy=1.5172 bits, expected=-1.1484 bits

Scoring matrix in bit units=sij in blosumn.sij

Integer scoring matrix in 1/2 bit units in blosumn.iij

Maximum=11, minimum=-7, sum=-409

Positive matrix (+7):
 A   R   N   D   C   Q   E   G   H   I   L   K   M   F   P   S   T   W   Y   V  
 13 
  5  14 
  5   6  14 
  4   4   8  14 
  5   1   3   1  16 
  6   7   6   5   2  14 
  5   5   6   8   0   8  13 
  6   3   5   4   2   3   3  13 
  4   6   7   5   1   7   6   3  16 
  4   2   2   1   5   3   2   1   2  13 
  4   3   2   1   4   4   2   1   3   8  12 
  5   9   6   5   2   8   7   4   5   3   3  13 
  5   4   3   2   4   6   3   2   4   8   9   5  15 
  3   3   2   2   4   3   2   2   4   6   7   3   6  14 
  6   4   3   4   2   5   4   3   3   2   2   5   3   2  15 
  8   5   7   5   5   6   6   6   5   3   3   6   4   3   5  13 
  6   5   6   5   5   5   5   4   4   5   4   5   5   4   4   8  13 
  3   2   1   0   2   3   2   2   3   3   3   1   5   7   2   3   2  18 
  3   3   3   2   3   4   3   1   8   4   4   3   4  10   2   4   4   8  15 
  6   3   3   2   5   3   3   2   2   9   7   3   7   5   3   4   6   4   4  12 
 A   R   N   D   C   Q   E   G   H   I   L   K   M   F   P   S   T   W   Y   V  

10 times log base 10 matrix:
 A   R   N   D   C   Q   E   G   H   I   L   K   M   F   P   S   T   W   Y   V  
  8 
 -4  11 
 -4  -2  11 
 -5  -5   1  10 
 -2  -9  -6  -9  14 
 -2   0  -1  -2  -7  11 
 -3  -2  -2   2 -10   2  10 
 -2  -6  -3  -4  -8  -5  -6   9 
 -4  -1   0  -4  -9   1  -2  -6  13 
 -4  -7  -7  -9  -3  -6  -7 -10  -7   8 
 -4  -6  -7  -9  -5  -5  -7  -8  -7   1   8 
 -2   3  -1  -3  -8   1  -1  -5  -3  -6  -6  10 
 -4  -4  -6  -8  -5  -2  -6  -7  -5   1   3  -4  12 
 -6  -6  -7  -8  -5  -6  -8  -8  -4  -2   0  -6  -1  11 
 -2  -5  -6  -5  -8  -4  -4  -6  -6  -7  -7  -3  -5  -8  13 
  2  -3   0  -2  -3  -2  -2  -2  -3  -5  -6  -2  -5  -6  -3   9 
 -1  -3  -1  -3  -3  -3  -3  -5  -4  -3  -4  -3  -3  -5  -4   2   9 
 -7  -7  -9 -11  -7  -5  -7  -8  -6  -6  -5  -9  -4  -1  -8  -7  -7  16 
 -5  -5  -6  -7  -6  -4  -7  -9   1  -4  -4  -5  -5   4  -8  -5  -5   2  12 
 -2  -6  -7  -8  -3  -6  -5  -8  -7   4   0  -6   0  -3  -6  -4  -1  -5  -5   8 
 A   R   N   D   C   Q   E   G   H   I   L   K   M   F   P   S   T   W   Y   V  
