chr2L:16149_A/T INTRON, TRANSCRIPT:FBtr0078170, GENE:FBgn0002121(l(2)gl protein_coding)
chr2L:16149_A/T INTRON, TRANSCRIPT:FBtr0078168, GENE:FBgn0002121(l(2)gl protein_coding)
chr2L:16149_A/T INTRON, TRANSCRIPT:FBtr0078169, GENE:FBgn0002121(l(2)gl protein_coding)
chr2L:16149_A/T INTRON, TRANSCRIPT:FBtr0078166, GENE:FBgn0002121(l(2)gl protein_coding)
chr2L:16149_A/T INTRON, TRANSCRIPT:FBtr0078171, GENE:FBgn0002121(l(2)gl protein_coding)
chr2L:16149_A/T INTRON, TRANSCRIPT:FBtr0078167, GENE:FBgn0002121(l(2)gl protein_coding)
chr2L:16334_G/A INTRON, TRANSCRIPT:FBtr0078170, GENE:FBgn0002121(l(2)gl protein_coding)
chr2L:16334_G/A INTRON, TRANSCRIPT:FBtr0078168, GENE:FBgn0002121(l(2)gl protein_coding)
chr2L:16334_G/A INTRON, TRANSCRIPT:FBtr0078169, GENE:FBgn0002121(l(2)gl protein_coding)
chr2L:16334_G/A INTRON, TRANSCRIPT:FBtr0078166, GENE:FBgn0002121(l(2)gl protein_coding)
chr2L:16334_G/A INTRON, TRANSCRIPT:FBtr0078171, GENE:FBgn0002121(l(2)gl protein_coding)
chr2L:16334_G/A INTRON, TRANSCRIPT:FBtr0078167, GENE:FBgn0002121(l(2)gl protein_coding)
chr2L:31699_G/A INTRON, TRANSCRIPT:FBtr0113415, GENE:FBgn0051973(CG31973 protein_coding)
chr2L:31699_G/A INTRON, TRANSCRIPT:FBtr0113416, GENE:FBgn0051973(CG31973 protein_coding)
chr2L:31699_G/A NON_SYNONYMOUS_CODING (T/I), EXON:FBgn0051973:8 (WARNING: Base is 'T' but SNP says 'G'), TRANSCRIPT:FBtr0078164, GENE:FBgn0051973(CG31973 protein_coding)
chr2L:31699_G/A INTRON, TRANSCRIPT:FBtr0078163, GENE:FBgn0051973(CG31973 protein_coding)
chr2L:54645_G/A INTRON, TRANSCRIPT:FBtr0113415, GENE:FBgn0051973(CG31973 protein_coding)
chr2L:54645_G/A INTRON, TRANSCRIPT:FBtr0113416, GENE:FBgn0051973(CG31973 protein_coding)
chr2L:54645_G/A INTRON, TRANSCRIPT:FBtr0078164, GENE:FBgn0051973(CG31973 protein_coding)
chr2L:54645_G/A INTRON, TRANSCRIPT:FBtr0078163, GENE:FBgn0051973(CG31973 protein_coding)
chr2L:57313_T/C INTRON, TRANSCRIPT:FBtr0113415, GENE:FBgn0051973(CG31973 protein_coding)
chr2L:57313_T/C INTRON, TRANSCRIPT:FBtr0113416, GENE:FBgn0051973(CG31973 protein_coding)
chr2L:57313_T/C INTRON, TRANSCRIPT:FBtr0078164, GENE:FBgn0051973(CG31973 protein_coding)
chr2L:57313_T/C INTRON, TRANSCRIPT:FBtr0078163, GENE:FBgn0051973(CG31973 protein_coding)
chr2L:58166_T/C 5PRIME_UTR, FBgn0051973:15, TRANSCRIPT:FBtr0113415, GENE:FBgn0051973(CG31973 protein_coding)
chr2L:58166_T/C 5PRIME_UTR, FBgn0051973:15, TRANSCRIPT:FBtr0113416, GENE:FBgn0051973(CG31973 protein_coding)
chr2L:58166_T/C 5PRIME_UTR, FBgn0051973:15, TRANSCRIPT:FBtr0078164, GENE:FBgn0051973(CG31973 protein_coding)
chr2L:58166_T/C 5PRIME_UTR, FBgn0051973:15, TRANSCRIPT:FBtr0078163, GENE:FBgn0051973(CG31973 protein_coding)
chr2L:67188_T/C 5PRIME_UTR, CG11371:1, TRANSCRIPT:FBtr0078100, GENE:FBgn0067779(dbr protein_coding)
chr2L:67241_A/G 5PRIME_UTR, CG11371:1, TRANSCRIPT:FBtr0078100, GENE:FBgn0067779(dbr protein_coding)
chr2L:67497_T/C 5PRIME_UTR, CG11371:1, TRANSCRIPT:FBtr0078100, GENE:FBgn0067779(dbr protein_coding)
chr2L:67830_T/G INTRON, TRANSCRIPT:FBtr0078100, GENE:FBgn0067779(dbr protein_coding)
chr2L:67877_C/T INTRON, TRANSCRIPT:FBtr0078100, GENE:FBgn0067779(dbr protein_coding)
chr2L:70596_G/A UPSTREAM, FBtr0078101
chr2L:70596_G/A INTRON, TRANSCRIPT:FBtr0078100, GENE:FBgn0067779(dbr protein_coding)
chr2L:73869_A/G INTRON, TRANSCRIPT:FBtr0078101, GENE:FBgn0031213(galectin protein_coding)
chr2L:74167_A/G INTRON, TRANSCRIPT:FBtr0078101, GENE:FBgn0031213(galectin protein_coding)
chr2L:82745_C/T 3PRIME_UTR, FBgn0002931:1, TRANSCRIPT:FBtr0290323, GENE:FBgn0002931(net protein_coding)
chr2L:84418_A/G INTRON, TRANSCRIPT:FBtr0290323, GENE:FBgn0002931(net protein_coding)
chr2L:84886_T/G INTRON, TRANSCRIPT:FBtr0290323, GENE:FBgn0002931(net protein_coding)
chr2L:102533_G/A        DOWNSTREAM, FBtr0078161
chr2L:102533_G/A        DOWNSTREAM, FBtr0078103
chr2L:102533_G/A        SYNONYMOUS_CODING (K), EXON:CG11377:1, TRANSCRIPT:FBtr0078104, GENE:FBgn0031217(CG11377 protein_coding)
chr2L:106253_T/C        SYNONYMOUS_CODING (P), EXON:CG12178:1 (WARNING: Base is 'A' but SNP says 'T'), TRANSCRIPT:FBtr0078161, GENE:FBgn0026787(Nhe1 protein_coding)
chr2L:106253_T/C        UPSTREAM, FBtr0089437
chr2L:106253_T/C        UPSTREAM, FBtr0089429
chr2L:106253_T/C        UPSTREAM, FBtr0089428
chr2L:106253_T/C        UPSTREAM, FBtr0089431
chr2L:106253_T/C        UPSTREAM, FBtr0089430
chr2L:106253_T/C        UPSTREAM, FBtr0089432
chr2L:106253_T/C        UPSTREAM, FBtr0089434
chr2L:106253_T/C        UPSTREAM, FBtr0089433
chr2L:106253_T/C        UPSTREAM, FBtr0089435
chr2L:107007_G/T        UPSTREAM, FBtr0089429
chr2L:107007_G/T        UPSTREAM, FBtr0089428
chr2L:107007_G/T        UPSTREAM, FBtr0089431
chr2L:107007_G/T        UPSTREAM, FBtr0089430
chr2L:107007_G/T        UPSTREAM, FBtr0089432
chr2L:107007_G/T        UPSTREAM, FBtr0089434
chr2L:107007_G/T        UPSTREAM, FBtr0089433
chr2L:107007_G/T        UPSTREAM, FBtr0089435
chr2L:107007_G/T        UPSTREAM, FBtr0078161
chr2L:107007_G/T        INTRON, TRANSCRIPT:FBtr0089437, GENE:FBgn0005278(M(2)21AB protein_coding)
chr2L:109959_C/T        INTRON, TRANSCRIPT:FBtr0089429, GENE:FBgn0005278(M(2)21AB protein_coding)
chr2L:109959_C/T        INTRON, TRANSCRIPT:FBtr0089431, GENE:FBgn0005278(M(2)21AB protein_coding)
chr2L:109959_C/T        INTRON, TRANSCRIPT:FBtr0089430, GENE:FBgn0005278(M(2)21AB protein_coding)
chr2L:109959_C/T        INTRON, TRANSCRIPT:FBtr0089435, GENE:FBgn0005278(M(2)21AB protein_coding)
chr2L:109959_C/T        INTRON, TRANSCRIPT:FBtr0089434, GENE:FBgn0005278(M(2)21AB protein_coding)
chr2L:109959_C/T        INTRON, TRANSCRIPT:FBtr0089433, GENE:FBgn0005278(M(2)21AB protein_coding)
chr2L:109959_C/T        INTRON, TRANSCRIPT:FBtr0089432, GENE:FBgn0005278(M(2)21AB protein_coding)
chr2L:109959_C/T        INTRON, TRANSCRIPT:FBtr0089437, GENE:FBgn0005278(M(2)21AB protein_coding)
chr2L:109959_C/T        INTRON, TRANSCRIPT:FBtr0089428, GENE:FBgn0005278(M(2)21AB protein_coding)
chr2L:109959_C/T        INTRON, TRANSCRIPT:FBtr0089436, GENE:FBgn0005278(M(2)21AB protein_coding)
chr2L:110585_C/T        INTRON, TRANSCRIPT:FBtr0089429, GENE:FBgn0005278(M(2)21AB protein_coding)
chr2L:110585_C/T        INTRON, TRANSCRIPT:FBtr0089431, GENE:FBgn0005278(M(2)21AB protein_coding)
chr2L:110585_C/T        INTRON, TRANSCRIPT:FBtr0089430, GENE:FBgn0005278(M(2)21AB protein_coding)
chr2L:110585_C/T        INTRON, TRANSCRIPT:FBtr0089435, GENE:FBgn0005278(M(2)21AB protein_coding)
chr2L:110585_C/T        INTRON, TRANSCRIPT:FBtr0089434, GENE:FBgn0005278(M(2)21AB protein_coding)
chr2L:110585_C/T        INTRON, TRANSCRIPT:FBtr0089433, GENE:FBgn0005278(M(2)21AB protein_coding)
chr2L:110585_C/T        INTRON, TRANSCRIPT:FBtr0089432, GENE:FBgn0005278(M(2)21AB protein_coding)
chr2L:110585_C/T        INTRON, TRANSCRIPT:FBtr0089437, GENE:FBgn0005278(M(2)21AB protein_coding)
chr2L:110585_C/T        INTRON, TRANSCRIPT:FBtr0089428, GENE:FBgn0005278(M(2)21AB protein_coding)
chr2L:110585_C/T        INTRON, TRANSCRIPT:FBtr0089436, GENE:FBgn0005278(M(2)21AB protein_coding)
chr2L:128283_A/T        INTRON, TRANSCRIPT:FBtr0078155, GENE:FBgn0025683(CG3164 protein_coding)
chr2L:128283_A/T        INTRON, TRANSCRIPT:FBtr0078153, GENE:FBgn0025683(CG3164 protein_coding)
chr2L:128283_A/T        INTRON, TRANSCRIPT:FBtr0078154, GENE:FBgn0025683(CG3164 protein_coding)
chr2L:128283_A/T        INTRON, TRANSCRIPT:FBtr0100379, GENE:FBgn0025683(CG3164 protein_coding)
chr2L:130033_G/A        INTRON, TRANSCRIPT:FBtr0078155, GENE:FBgn0025683(CG3164 protein_coding)
chr2L:130033_G/A        INTRON, TRANSCRIPT:FBtr0078153, GENE:FBgn0025683(CG3164 protein_coding)
chr2L:130033_G/A        UPSTREAM, FBtr0078154
chr2L:130033_G/A        UPSTREAM, FBtr0100379
chr2L:145314_G/A        DOWNSTREAM, FBtr0078116
chr2L:145314_G/A        NON_SYNONYMOUS_CODING (S/F), EXON:FBgn0259818:1 (WARNING: Base is 'A' but SNP says 'G'), TRANSCRIPT:FBtr0300107, GENE:FBgn0259818(CG42399 protein_coding)
chr2L:146602_A/C        INTRON, TRANSCRIPT:FBtr0300107, GENE:FBgn0259818(CG42399 protein_coding)
chr2L:146768_T/G        INTRON, TRANSCRIPT:FBtr0300107, GENE:FBgn0259818(CG42399 protein_coding)
chr2L:147102_T/A        INTRON, TRANSCRIPT:FBtr0300107, GENE:FBgn0259818(CG42399 protein_coding)
chr2L:148266_A/G        INTRON, TRANSCRIPT:FBtr0300107, GENE:FBgn0259818(CG42399 protein_coding)
chr2L:152103_A/G        NON_SYNONYMOUS_CODING (L/S), EXON:FBgn0259818:6 (WARNING: Base is 'T' but SNP says 'A'), TRANSCRIPT:FBtr0300107, GENE:FBgn0259818(CG42399 protein_coding)
chr2L:152103_A/G        DOWNSTREAM, FBtr0078147
chr2L:153679_A/T        UPSTREAM, FBtr0300107
chr2L:153679_A/T        UPSTREAM, FBtr0078118
chr2L:153679_A/T        UPSTREAM, FBtr0078117
chr2L:153679_A/T        STOP_LOST (*/K), EXON:CG3709:2, TRANSCRIPT:FBtr0078147, GENE:FBgn0031227(CG3709 protein_coding)
chr2L:154698_A/C        UPSTREAM, FBtr0300107
chr2L:154698_A/C        UPSTREAM, FBtr0078118
chr2L:154698_A/C        UPSTREAM, FBtr0078117
chr2L:154698_A/C        NON_SYNONYMOUS_CODING (V/G), EXON:CG3709:2 (WARNING: Base is 'C' but SNP says 'A'), TRANSCRIPT:FBtr0078147, GENE:FBgn0031227(CG3709 protein_coding)
chr2L:154698_A/C        UPSTREAM, FBtr0078120
chr2L:154698_A/C        UPSTREAM, FBtr0078119
chr2L:155691_C/G        UPSTREAM, FBtr0078120
chr2L:155691_C/G        UPSTREAM, FBtr0078119
chr2L:155691_C/G        UPSTREAM, FBtr0078147
chr2L:155691_C/G        SYNONYMOUS_CODING (A), EXON:CG11455:4, TRANSCRIPT:FBtr0078118, GENE:FBgn0031228(CG11455 protein_coding)
chr2L:155691_C/G        SYNONYMOUS_CODING (A), EXON:CG11455:2, TRANSCRIPT:FBtr0078117, GENE:FBgn0031228(CG11455 protein_coding)
chr2L:161042_T/C        INTRON, TRANSCRIPT:FBtr0078121, GENE:FBgn0016977(spen protein_coding)
chr2L:161042_T/C        INTRON, TRANSCRIPT:FBtr0078122, GENE:FBgn0016977(spen protein_coding)
chr2L:164590_C/T        INTRON, TRANSCRIPT:FBtr0078121, GENE:FBgn0016977(spen protein_coding)
chr2L:164590_C/T        INTRON, TRANSCRIPT:FBtr0078122, GENE:FBgn0016977(spen protein_coding)
chr2L:164690_A/C        INTRON, TRANSCRIPT:FBtr0078121, GENE:FBgn0016977(spen protein_coding)
chr2L:164690_A/C        INTRON, TRANSCRIPT:FBtr0078122, GENE:FBgn0016977(spen protein_coding)
chr2L:165228_A/T        INTRON, TRANSCRIPT:FBtr0078121, GENE:FBgn0016977(spen protein_coding)
chr2L:165228_A/T        INTRON, TRANSCRIPT:FBtr0078122, GENE:FBgn0016977(spen protein_coding)
chr2L:165233_C/A        INTRON, TRANSCRIPT:FBtr0078121, GENE:FBgn0016977(spen protein_coding)
chr2L:165233_C/A        INTRON, TRANSCRIPT:FBtr0078122, GENE:FBgn0016977(spen protein_coding)
chr2L:173908_C/G        INTRON, TRANSCRIPT:FBtr0078121, GENE:FBgn0016977(spen protein_coding)
chr2L:173908_C/G        INTRON, TRANSCRIPT:FBtr0078122, GENE:FBgn0016977(spen protein_coding)
chr2L:175652_A/G        INTRON, TRANSCRIPT:FBtr0078121, GENE:FBgn0016977(spen protein_coding)
chr2L:175652_A/G        INTRON, TRANSCRIPT:FBtr0078122, GENE:FBgn0016977(spen protein_coding)
chr2L:179800_G/T        INTRON, TRANSCRIPT:FBtr0078121, GENE:FBgn0016977(spen protein_coding)
chr2L:179800_G/T        INTRON, TRANSCRIPT:FBtr0078122, GENE:FBgn0016977(spen protein_coding)
chr2L:183672_G/A        INTRON, TRANSCRIPT:FBtr0078121, GENE:FBgn0016977(spen protein_coding)
chr2L:183672_G/A        INTRON, TRANSCRIPT:FBtr0078123, GENE:FBgn0016977(spen protein_coding)
chr2L:183672_G/A        INTRON, TRANSCRIPT:FBtr0078122, GENE:FBgn0016977(spen protein_coding)
chr2L:196871_T/G        NON_SYNONYMOUS_CODING (I/M), EXON:CG18497:6, TRANSCRIPT:FBtr0078121, GENE:FBgn0016977(spen protein_coding)
chr2L:196871_T/G        NON_SYNONYMOUS_CODING (I/M), EXON:CG18497:6, TRANSCRIPT:FBtr0078123, GENE:FBgn0016977(spen protein_coding)
chr2L:196871_T/G        NON_SYNONYMOUS_CODING (I/M), EXON:CG18497:6, TRANSCRIPT:FBtr0078122, GENE:FBgn0016977(spen protein_coding)
chr2L:196872_C/A        NON_SYNONYMOUS_CODING (P/T), EXON:CG18497:6, TRANSCRIPT:FBtr0078121, GENE:FBgn0016977(spen protein_coding)
chr2L:196872_C/A        NON_SYNONYMOUS_CODING (P/T), EXON:CG18497:6, TRANSCRIPT:FBtr0078123, GENE:FBgn0016977(spen protein_coding)
chr2L:196872_C/A        NON_SYNONYMOUS_CODING (P/T), EXON:CG18497:6, TRANSCRIPT:FBtr0078122, GENE:FBgn0016977(spen protein_coding)
chr2L:199323_A/G        NON_SYNONYMOUS_CODING (I/V), EXON:CG18497:6, TRANSCRIPT:FBtr0078121, GENE:FBgn0016977(spen protein_coding)
chr2L:199323_A/G        NON_SYNONYMOUS_CODING (I/V), EXON:CG18497:6, TRANSCRIPT:FBtr0078123, GENE:FBgn0016977(spen protein_coding)
chr2L:199323_A/G        NON_SYNONYMOUS_CODING (I/V), EXON:CG18497:6, TRANSCRIPT:FBtr0078122, GENE:FBgn0016977(spen protein_coding)
chr2L:206256_G/T        INTRON, TRANSCRIPT:FBtr0078146, GENE:FBgn0031232(CG11617 protein_coding)
chr2L:206256_G/T        UPSTREAM, FBtr0078125
chr2L:206256_G/T        DOWNSTREAM, FBtr0078124
chr2L:209243_T/C        DOWNSTREAM, FBtr0299837
chr2L:209243_T/C        DOWNSTREAM, FBtr0078145
chr2L:209243_T/C        DOWNSTREAM, FBtr0078144
chr2L:209243_T/C        UPSTREAM, FBtr0078146
chr2L:209243_T/C        SYNONYMOUS_CODING (F), EXON:CG11490:3, TRANSCRIPT:FBtr0078125, GENE:FBgn0031233(CG11490 protein_coding)
chr2L:213547_A/G        SYNONYMOUS_CODING (A), EXON:FBgn0086902:1 (WARNING: Base is 'C' but SNP says 'A'), TRANSCRIPT:FBtr0299837, GENE:FBgn0086902(kis protein_coding)
chr2L:213547_A/G        SYNONYMOUS_CODING (A), EXON:FBgn0086902:1 (WARNING: Base is 'C' but SNP says 'A'), TRANSCRIPT:FBtr0078145, GENE:FBgn0086902(kis protein_coding)
chr2L:213547_A/G        SYNONYMOUS_CODING (A), EXON:FBgn0086902:1 (WARNING: Base is 'C' but SNP says 'A'), TRANSCRIPT:FBtr0078144, GENE:FBgn0086902(kis protein_coding)
chr2L:218829_C/A        SYNONYMOUS_CODING (R), EXON:FBgn0086902:6, TRANSCRIPT:FBtr0299837, GENE:FBgn0086902(kis protein_coding)
chr2L:218829_C/A        SYNONYMOUS_CODING (R), EXON:FBgn0086902:6, TRANSCRIPT:FBtr0078145, GENE:FBgn0086902(kis protein_coding)
chr2L:218829_C/A        SYNONYMOUS_CODING (R), EXON:FBgn0086902:6, TRANSCRIPT:FBtr0078144, GENE:FBgn0086902(kis protein_coding)
chr2L:219091_C/T        INTRON, TRANSCRIPT:FBtr0299837, GENE:FBgn0086902(kis protein_coding)
chr2L:219091_C/T        INTRON, TRANSCRIPT:FBtr0078145, GENE:FBgn0086902(kis protein_coding)
chr2L:219091_C/T        INTRON, TRANSCRIPT:FBtr0078144, GENE:FBgn0086902(kis protein_coding)
chr2L:219902_T/G        INTRON, TRANSCRIPT:FBtr0299837, GENE:FBgn0086902(kis protein_coding)
chr2L:219902_T/G        INTRON, TRANSCRIPT:FBtr0078145, GENE:FBgn0086902(kis protein_coding)
chr2L:219902_T/G        INTRON, TRANSCRIPT:FBtr0078144, GENE:FBgn0086902(kis protein_coding)
chr2L:221549_G/A        INTRON, TRANSCRIPT:FBtr0299837, GENE:FBgn0086902(kis protein_coding)
chr2L:221549_G/A        NON_SYNONYMOUS_CODING (T/M), EXON:FBgn0086902:7 (WARNING: Base is 'C' but SNP says 'G'), TRANSCRIPT:FBtr0078145, GENE:FBgn0086902(kis protein_coding)
chr2L:221549_G/A        INTRON, TRANSCRIPT:FBtr0078144, GENE:FBgn0086902(kis protein_coding)
chr2L:226904_A/T        INTRON, TRANSCRIPT:FBtr0299837, GENE:FBgn0086902(kis protein_coding)
chr2L:226904_A/T        INTRON, TRANSCRIPT:FBtr0078144, GENE:FBgn0086902(kis protein_coding)
chr2L:227076_T/A        INTRON, TRANSCRIPT:FBtr0299837, GENE:FBgn0086902(kis protein_coding)
chr2L:227076_T/A        INTRON, TRANSCRIPT:FBtr0078144, GENE:FBgn0086902(kis protein_coding)
chr2L:227221_A/C        INTRON, TRANSCRIPT:FBtr0299837, GENE:FBgn0086902(kis protein_coding)
chr2L:227221_A/C        INTRON, TRANSCRIPT:FBtr0078144, GENE:FBgn0086902(kis protein_coding)
chr2L:234412_C/T        SYNONYMOUS_CODING (K), EXON:FBgn0086902:18 (WARNING: Base is 'G' but SNP says 'C'), TRANSCRIPT:FBtr0299837, GENE:FBgn0086902(kis protein_coding)
chr2L:234412_C/T        SYNONYMOUS_CODING (K), EXON:FBgn0086902:18 (WARNING: Base is 'G' but SNP says 'C'), TRANSCRIPT:FBtr0078144, GENE:FBgn0086902(kis protein_coding)
chr2L:234412_C/T        DOWNSTREAM, FBtr0078126
chr2L:235598_G/T        NON_SYNONYMOUS_CODING (P/H), EXON:FBgn0086902:18 (WARNING: Base is 'C' but SNP says 'G'), TRANSCRIPT:FBtr0299837, GENE:FBgn0086902(kis protein_coding)
chr2L:235598_G/T        NON_SYNONYMOUS_CODING (P/H), EXON:FBgn0086902:18 (WARNING: Base is 'C' but SNP says 'G'), TRANSCRIPT:FBtr0078144, GENE:FBgn0086902(kis protein_coding)
chr2L:235603_T/G        SYNONYMOUS_CODING (G), EXON:FBgn0086902:18 (WARNING: Base is 'C' but SNP says 'T'), TRANSCRIPT:FBtr0299837, GENE:FBgn0086902(kis protein_coding)
chr2L:235603_T/G        SYNONYMOUS_CODING (G), EXON:FBgn0086902:18 (WARNING: Base is 'C' but SNP says 'T'), TRANSCRIPT:FBtr0078144, GENE:FBgn0086902(kis protein_coding)
chr2L:242233_C/T        INTRON, TRANSCRIPT:FBtr0299837, GENE:FBgn0086902(kis protein_coding)
chr2L:242233_C/T        INTRON, TRANSCRIPT:FBtr0078144, GENE:FBgn0086902(kis protein_coding)
chr2L:248750_G/T        INTRON, TRANSCRIPT:FBtr0299837, GENE:FBgn0086902(kis protein_coding)
chr2L:248750_G/T        INTRON, TRANSCRIPT:FBtr0078144, GENE:FBgn0086902(kis protein_coding)
chr2L:257534_C/G        INTRON, TRANSCRIPT:FBtr0078141, GENE:FBgn0031238(CG3645 protein_coding)
chr2L:257534_C/G        INTRON, TRANSCRIPT:FBtr0078140, GENE:FBgn0031238(CG3645 protein_coding)
chr2L:258215_T/G        INTRON, TRANSCRIPT:FBtr0078141, GENE:FBgn0031238(CG3645 protein_coding)
chr2L:258215_T/G        INTRON, TRANSCRIPT:FBtr0078140, GENE:FBgn0031238(CG3645 protein_coding)
chr2L:259402_A/C        INTRON, TRANSCRIPT:FBtr0078141, GENE:FBgn0031238(CG3645 protein_coding)
chr2L:259402_A/C        INTRON, TRANSCRIPT:FBtr0078140, GENE:FBgn0031238(CG3645 protein_coding)
chr2L:259407_A/G        INTRON, TRANSCRIPT:FBtr0078141, GENE:FBgn0031238(CG3645 protein_coding)
chr2L:259407_A/G        INTRON, TRANSCRIPT:FBtr0078140, GENE:FBgn0031238(CG3645 protein_coding)
chr2L:259593_G/T        INTRON, TRANSCRIPT:FBtr0078141, GENE:FBgn0031238(CG3645 protein_coding)
chr2L:259593_G/T        INTRON, TRANSCRIPT:FBtr0078140, GENE:FBgn0031238(CG3645 protein_coding)
chr2L:259613_C/A        INTRON, TRANSCRIPT:FBtr0078141, GENE:FBgn0031238(CG3645 protein_coding)
chr2L:259613_C/A        INTRON, TRANSCRIPT:FBtr0078140, GENE:FBgn0031238(CG3645 protein_coding)
chr2L:259747_G/C        INTRON, TRANSCRIPT:FBtr0078141, GENE:FBgn0031238(CG3645 protein_coding)
chr2L:259747_G/C        INTRON, TRANSCRIPT:FBtr0078140, GENE:FBgn0031238(CG3645 protein_coding)
chr2L:259754_A/G        INTRON, TRANSCRIPT:FBtr0078141, GENE:FBgn0031238(CG3645 protein_coding)
chr2L:259754_A/G        INTRON, TRANSCRIPT:FBtr0078140, GENE:FBgn0031238(CG3645 protein_coding)
chr2L:260081_G/T        INTRON, TRANSCRIPT:FBtr0078141, GENE:FBgn0031238(CG3645 protein_coding)
chr2L:260081_G/T        INTRON, TRANSCRIPT:FBtr0078140, GENE:FBgn0031238(CG3645 protein_coding)
chr2L:260199_C/A        INTRON, TRANSCRIPT:FBtr0078141, GENE:FBgn0031238(CG3645 protein_coding)
chr2L:260199_C/A        INTRON, TRANSCRIPT:FBtr0078140, GENE:FBgn0031238(CG3645 protein_coding)
chr2L:260488_A/T        INTRON, TRANSCRIPT:FBtr0078141, GENE:FBgn0031238(CG3645 protein_coding)
chr2L:260488_A/T        INTRON, TRANSCRIPT:FBtr0078140, GENE:FBgn0031238(CG3645 protein_coding)
chr2L:260726_A/T        INTRON, TRANSCRIPT:FBtr0078141, GENE:FBgn0031238(CG3645 protein_coding)
chr2L:260726_A/T        INTRON, TRANSCRIPT:FBtr0078140, GENE:FBgn0031238(CG3645 protein_coding)
chr2L:260915_A/G        INTRON, TRANSCRIPT:FBtr0078141, GENE:FBgn0031238(CG3645 protein_coding)
chr2L:260915_A/G        INTRON, TRANSCRIPT:FBtr0078140, GENE:FBgn0031238(CG3645 protein_coding)
chr2L:261114_A/C        INTRON, TRANSCRIPT:FBtr0078141, GENE:FBgn0031238(CG3645 protein_coding)
chr2L:261114_A/C        INTRON, TRANSCRIPT:FBtr0078140, GENE:FBgn0031238(CG3645 protein_coding)
chr2L:261358_G/A        INTRON, TRANSCRIPT:FBtr0078141, GENE:FBgn0031238(CG3645 protein_coding)
chr2L:261358_G/A        INTRON, TRANSCRIPT:FBtr0078140, GENE:FBgn0031238(CG3645 protein_coding)
chr2L:262065_A/C        INTRON, TRANSCRIPT:FBtr0078141, GENE:FBgn0031238(CG3645 protein_coding)
chr2L:262065_A/C        INTRON, TRANSCRIPT:FBtr0078140, GENE:FBgn0031238(CG3645 protein_coding)
chr2L:262249_A/T        INTRON, TRANSCRIPT:FBtr0078141, GENE:FBgn0031238(CG3645 protein_coding)
chr2L:262249_A/T        INTRON, TRANSCRIPT:FBtr0078140, GENE:FBgn0031238(CG3645 protein_coding)
chr2L:262257_T/G        INTRON, TRANSCRIPT:FBtr0078141, GENE:FBgn0031238(CG3645 protein_coding)
chr2L:262257_T/G        INTRON, TRANSCRIPT:FBtr0078140, GENE:FBgn0031238(CG3645 protein_coding)
chr2L:262264_A/T        INTRON, TRANSCRIPT:FBtr0078141, GENE:FBgn0031238(CG3645 protein_coding)
chr2L:262264_A/T        INTRON, TRANSCRIPT:FBtr0078140, GENE:FBgn0031238(CG3645 protein_coding)
chr2L:262402_A/C        INTRON, TRANSCRIPT:FBtr0078141, GENE:FBgn0031238(CG3645 protein_coding)
chr2L:262402_A/C        INTRON, TRANSCRIPT:FBtr0078140, GENE:FBgn0031238(CG3645 protein_coding)
chr2L:263148_A/G        INTRON, TRANSCRIPT:FBtr0078141, GENE:FBgn0031238(CG3645 protein_coding)
chr2L:263148_A/G        INTRON, TRANSCRIPT:FBtr0078140, GENE:FBgn0031238(CG3645 protein_coding)
chr2L:263171_G/C        INTRON, TRANSCRIPT:FBtr0078141, GENE:FBgn0031238(CG3645 protein_coding)
chr2L:263171_G/C        INTRON, TRANSCRIPT:FBtr0078140, GENE:FBgn0031238(CG3645 protein_coding)
chr2L:263222_G/A        INTRON, TRANSCRIPT:FBtr0078141, GENE:FBgn0031238(CG3645 protein_coding)
chr2L:263222_G/A        INTRON, TRANSCRIPT:FBtr0078140, GENE:FBgn0031238(CG3645 protein_coding)
chr2L:263238_T/A        INTRON, TRANSCRIPT:FBtr0078141, GENE:FBgn0031238(CG3645 protein_coding)
chr2L:263238_T/A        INTRON, TRANSCRIPT:FBtr0078140, GENE:FBgn0031238(CG3645 protein_coding)
chr2L:263253_C/T        INTRON, TRANSCRIPT:FBtr0078141, GENE:FBgn0031238(CG3645 protein_coding)
chr2L:263253_C/T        INTRON, TRANSCRIPT:FBtr0078140, GENE:FBgn0031238(CG3645 protein_coding)
chr2L:263273_C/T        INTRON, TRANSCRIPT:FBtr0078141, GENE:FBgn0031238(CG3645 protein_coding)
chr2L:263273_C/T        INTRON, TRANSCRIPT:FBtr0078140, GENE:FBgn0031238(CG3645 protein_coding)
chr2L:263587_C/A        INTRON, TRANSCRIPT:FBtr0078141, GENE:FBgn0031238(CG3645 protein_coding)
chr2L:263587_C/A        INTRON, TRANSCRIPT:FBtr0078140, GENE:FBgn0031238(CG3645 protein_coding)
chr2L:264313_T/G        INTRON, TRANSCRIPT:FBtr0078141, GENE:FBgn0031238(CG3645 protein_coding)
chr2L:264313_T/G        INTRON, TRANSCRIPT:FBtr0078140, GENE:FBgn0031238(CG3645 protein_coding)
chr2L:264313_T/G        NON_SYNONYMOUS_CODING (K/N), EXON:CG17075:1 (WARNING: Base is 'A' but SNP says 'T'), TRANSCRIPT:FBtr0078142, GENE:FBgn0031239(CG17075 protein_coding)
chr2L:264751_A/G        INTRON, TRANSCRIPT:FBtr0078141, GENE:FBgn0031238(CG3645 protein_coding)
chr2L:264751_A/G        INTRON, TRANSCRIPT:FBtr0078140, GENE:FBgn0031238(CG3645 protein_coding)
chr2L:264751_A/G        SYNONYMOUS_CODING (P), EXON:CG17075:1 (WARNING: Base is 'G' but SNP says 'A'), TRANSCRIPT:FBtr0078142, GENE:FBgn0031239(CG17075 protein_coding)
chr2L:266595_C/T        INTRON, TRANSCRIPT:FBtr0078141, GENE:FBgn0031238(CG3645 protein_coding)
chr2L:266595_C/T        INTRON, TRANSCRIPT:FBtr0078140, GENE:FBgn0031238(CG3645 protein_coding)
chr2L:266595_C/T        NON_SYNONYMOUS_CODING (G/S), EXON:CG17075:1, TRANSCRIPT:FBtr0078142, GENE:FBgn0031239(CG17075 protein_coding)
chr2L:267388_A/G        INTRON, TRANSCRIPT:FBtr0078141, GENE:FBgn0031238(CG3645 protein_coding)
chr2L:267388_A/G        INTRON, TRANSCRIPT:FBtr0078140, GENE:FBgn0031238(CG3645 protein_coding)
chr2L:267388_A/G        UPSTREAM, FBtr0078127
chr2L:267391_G/A        INTRON, TRANSCRIPT:FBtr0078141, GENE:FBgn0031238(CG3645 protein_coding)
chr2L:267391_G/A        INTRON, TRANSCRIPT:FBtr0078140, GENE:FBgn0031238(CG3645 protein_coding)
chr2L:267391_G/A        UPSTREAM, FBtr0078127
chr2L:267992_G/A        INTRON, TRANSCRIPT:FBtr0078141, GENE:FBgn0031238(CG3645 protein_coding)
chr2L:267992_G/A        INTRON, TRANSCRIPT:FBtr0078140, GENE:FBgn0031238(CG3645 protein_coding)
chr2L:267992_G/A        UPSTREAM, FBtr0078127
chr2L:268120_T/C        INTRON, TRANSCRIPT:FBtr0078141, GENE:FBgn0031238(CG3645 protein_coding)
chr2L:268120_T/C        INTRON, TRANSCRIPT:FBtr0078140, GENE:FBgn0031238(CG3645 protein_coding)
chr2L:268120_T/C        UPSTREAM, FBtr0078127
chr2L:268283_T/A        INTRON, TRANSCRIPT:FBtr0078141, GENE:FBgn0031238(CG3645 protein_coding)
chr2L:268283_T/A        INTRON, TRANSCRIPT:FBtr0078140, GENE:FBgn0031238(CG3645 protein_coding)
chr2L:268283_T/A        UPSTREAM, FBtr0078127
chr2L:268304_A/C        INTRON, TRANSCRIPT:FBtr0078141, GENE:FBgn0031238(CG3645 protein_coding)
chr2L:268304_A/C        INTRON, TRANSCRIPT:FBtr0078140, GENE:FBgn0031238(CG3645 protein_coding)
chr2L:268304_A/C        UPSTREAM, FBtr0078127
chr2L:268406_T/A        INTRON, TRANSCRIPT:FBtr0078141, GENE:FBgn0031238(CG3645 protein_coding)
chr2L:268406_T/A        INTRON, TRANSCRIPT:FBtr0078140, GENE:FBgn0031238(CG3645 protein_coding)
chr2L:268406_T/A        UPSTREAM, FBtr0078127
chr2L:268895_G/A        INTRON, TRANSCRIPT:FBtr0078141, GENE:FBgn0031238(CG3645 protein_coding)
chr2L:268895_G/A        INTRON, TRANSCRIPT:FBtr0078140, GENE:FBgn0031238(CG3645 protein_coding)
chr2L:268895_G/A        UPSTREAM, FBtr0078127
chr2L:269023_T/A        INTRON, TRANSCRIPT:FBtr0078141, GENE:FBgn0031238(CG3645 protein_coding)
chr2L:269023_T/A        INTRON, TRANSCRIPT:FBtr0078140, GENE:FBgn0031238(CG3645 protein_coding)
chr2L:269023_T/A        UPSTREAM, FBtr0078127
chr2L:269024_G/C        INTRON, TRANSCRIPT:FBtr0078141, GENE:FBgn0031238(CG3645 protein_coding)
chr2L:269024_G/C        INTRON, TRANSCRIPT:FBtr0078140, GENE:FBgn0031238(CG3645 protein_coding)
chr2L:269024_G/C        UPSTREAM, FBtr0078127
chr2L:269035_A/C        INTRON, TRANSCRIPT:FBtr0078141, GENE:FBgn0031238(CG3645 protein_coding)
chr2L:269035_A/C        INTRON, TRANSCRIPT:FBtr0078140, GENE:FBgn0031238(CG3645 protein_coding)
chr2L:269035_A/C        UPSTREAM, FBtr0078127
chr2L:269487_T/C        INTRON, TRANSCRIPT:FBtr0078141, GENE:FBgn0031238(CG3645 protein_coding)
chr2L:269487_T/C        INTRON, TRANSCRIPT:FBtr0078140, GENE:FBgn0031238(CG3645 protein_coding)
chr2L:269487_T/C        SYNONYMOUS_CODING (C), EXON:CG3345:2, TRANSCRIPT:FBtr0078127, GENE:FBgn0031240(CG3345 protein_coding)
chr2L:270417_C/T        INTRON, TRANSCRIPT:FBtr0078141, GENE:FBgn0031238(CG3645 protein_coding)
chr2L:270417_C/T        INTRON, TRANSCRIPT:FBtr0078140, GENE:FBgn0031238(CG3645 protein_coding)
chr2L:270417_C/T        DOWNSTREAM, FBtr0078139
chr2L:270417_C/T        SYNONYMOUS_CODING (A), EXON:CG3345:2, TRANSCRIPT:FBtr0078127, GENE:FBgn0031240(CG3345 protein_coding)
chr2L:271638_T/G        5PRIME_UTR, CG3645:1, TRANSCRIPT:FBtr0078141, GENE:FBgn0031238(CG3645 protein_coding)
chr2L:271638_T/G        5PRIME_UTR, CG3645:1, TRANSCRIPT:FBtr0078140, GENE:FBgn0031238(CG3645 protein_coding)
chr2L:271638_T/G        DOWNSTREAM, FBtr0078139
chr2L:271638_T/G        DOWNSTREAM, FBtr0078127
chr2L:271997_A/G        DOWNSTREAM, FBtr0078127
chr2L:271997_A/G        SYNONYMOUS_CODING (S), EXON:CG11604:2 (WARNING: Base is 'G' but SNP says 'A'), TRANSCRIPT:FBtr0078139, GENE:FBgn0086912(mbm protein_coding)
chr2L:271997_A/G        UPSTREAM, FBtr0078128
chr2L:271997_A/G        UPSTREAM, FBtr0078141
chr2L:271997_A/G        UPSTREAM, FBtr0078140
chr2L:272868_A/G        DOWNSTREAM, FBtr0078127
chr2L:272868_A/G        NON_SYNONYMOUS_CODING (V/A), EXON:CG11604:1, TRANSCRIPT:FBtr0078139, GENE:FBgn0086912(mbm protein_coding)
chr2L:272868_A/G        UPSTREAM, FBtr0078128
chr2L:272868_A/G        UPSTREAM, FBtr0078141
chr2L:272868_A/G        UPSTREAM, FBtr0078140
chr2L:272958_T/C        DOWNSTREAM, FBtr0078127
chr2L:272958_T/C        NON_SYNONYMOUS_CODING (K/R), EXON:CG11604:1 (WARNING: Base is 'C' but SNP says 'T'), TRANSCRIPT:FBtr0078139, GENE:FBgn0086912(mbm protein_coding)
chr2L:272958_T/C        UPSTREAM, FBtr0078128
chr2L:272958_T/C        UPSTREAM, FBtr0078141
chr2L:272958_T/C        UPSTREAM, FBtr0078140
chr2L:273769_A/T        5PRIME_UTR, CG11604:1, TRANSCRIPT:FBtr0078139, GENE:FBgn0086912(mbm protein_coding)
chr2L:273769_A/T        UPSTREAM, FBtr0078128
chr2L:273770_T/C        5PRIME_UTR, CG11604:1, TRANSCRIPT:FBtr0078139, GENE:FBgn0086912(mbm protein_coding)
chr2L:273770_T/C        UPSTREAM, FBtr0078128
chr2L:273771_G/A        5PRIME_UTR, CG11604:1, TRANSCRIPT:FBtr0078139, GENE:FBgn0086912(mbm protein_coding)
chr2L:273771_G/A        UPSTREAM, FBtr0078128
chr2L:274249_T/G        UPSTREAM, FBtr0078139
chr2L:274249_T/G        SYNONYMOUS_CODING (R), EXON:CG11555:1, TRANSCRIPT:FBtr0078128, GENE:FBgn0086856(CG11555 protein_coding)
chr2L:275743_T/G        UPSTREAM, FBtr0078139
chr2L:275743_T/G        DOWNSTREAM, FBtr0078128
chr2L:275743_T/G        SYNONYMOUS_CODING (R), EXON:CG17078:3 (WARNING: Base is 'G' but SNP says 'T'), TRANSCRIPT:FBtr0078138, GENE:FBgn0086855(CG17078 protein_coding)
chr2L:275743_T/G        UPSTREAM, FBtr0078129
chr2L:276598_A/G        DOWNSTREAM, FBtr0078128
chr2L:276598_A/G        INTRON, TRANSCRIPT:FBtr0078138, GENE:FBgn0086855(CG17078 protein_coding)
chr2L:276598_A/G        UPSTREAM, FBtr0078129
chr2L:276655_T/G        DOWNSTREAM, FBtr0078128
chr2L:276655_T/G        INTRON, TRANSCRIPT:FBtr0078138, GENE:FBgn0086855(CG17078 protein_coding)
chr2L:276655_T/G        UPSTREAM, FBtr0078129
chr2L:276931_T/C        INTRON, TRANSCRIPT:FBtr0078138, GENE:FBgn0086855(CG17078 protein_coding)
chr2L:276931_T/C        UPSTREAM, FBtr0078129
chr2L:277732_C/A        5PRIME_UTR, CG11561:1, TRANSCRIPT:FBtr0078129, GENE:FBgn0003444(smo protein_coding)
chr2L:278207_C/G        NON_SYNONYMOUS_CODING (P/A), EXON:CG11561:2, TRANSCRIPT:FBtr0078129, GENE:FBgn0003444(smo protein_coding)
chr2L:278355_A/T        INTRON, TRANSCRIPT:FBtr0078129, GENE:FBgn0003444(smo protein_coding)
chr2L:278514_T/A        INTRON, TRANSCRIPT:FBtr0078129, GENE:FBgn0003444(smo protein_coding)
chr2L:283681_T/G        DOWNSTREAM, FBtr0078129
chr2L:283681_T/G        UPSTREAM, FBtr0078137
chr2L:283681_T/G        3PRIME_UTR, FBgn0031245:1, TRANSCRIPT:FBtr0113009, GENE:FBgn0031245(CG3625 protein_coding)
chr2L:283681_T/G        3PRIME_UTR, FBgn0031245:1, TRANSCRIPT:FBtr0078136, GENE:FBgn0031245(CG3625 protein_coding)
chr2L:283681_T/G        3PRIME_UTR, FBgn0031245:1, TRANSCRIPT:FBtr0078135, GENE:FBgn0031245(CG3625 protein_coding)
chr2L:287226_T/A        INTRON, TRANSCRIPT:FBtr0113009, GENE:FBgn0031245(CG3625 protein_coding)
chr2L:287226_T/A        UPSTREAM, FBtr0078136
chr2L:287226_T/A        UPSTREAM, FBtr0078135
chr2L:287226_T/A        DOWNSTREAM, FBtr0078134
chr2L:289103_C/A        INTRON, TRANSCRIPT:FBtr0113009, GENE:FBgn0031245(CG3625 protein_coding)
chr2L:289103_C/A        UPSTREAM, FBtr0078134
chr2L:289125_T/C        INTRON, TRANSCRIPT:FBtr0113009, GENE:FBgn0031245(CG3625 protein_coding)
chr2L:289125_T/C        UPSTREAM, FBtr0078134
chr2L:289577_T/A        INTRON, TRANSCRIPT:FBtr0113009, GENE:FBgn0031245(CG3625 protein_coding)
chr2L:289798_A/C        INTRON, TRANSCRIPT:FBtr0113009, GENE:FBgn0031245(CG3625 protein_coding)
chr2L:290766_C/T        INTRON, TRANSCRIPT:FBtr0113009, GENE:FBgn0031245(CG3625 protein_coding)
chr2L:290766_C/T        UPSTREAM, FBtr0078130
chr2L:292759_A/G        DOWNSTREAM, FBtr0078133
chr2L:292759_A/G        SYNONYMOUS_CODING (Q), EXON:CG11562:2, TRANSCRIPT:FBtr0078130, GENE:FBgn0031247(CG11562 protein_coding)
chr2L:292941_G/T        DOWNSTREAM, FBtr0078133
chr2L:292941_G/T        NON_SYNONYMOUS_CODING (R/I), EXON:CG11562:2, TRANSCRIPT:FBtr0078130, GENE:FBgn0031247(CG11562 protein_coding)
chr2L:293132_C/A        DOWNSTREAM, FBtr0078133
chr2L:293132_C/A        3PRIME_UTR, CG11562:2, TRANSCRIPT:FBtr0078130, GENE:FBgn0031247(CG11562 protein_coding)
chr2L:293132_C/A        UPSTREAM, FBtr0078131
chr2L:293209_C/A        DOWNSTREAM, FBtr0078133
chr2L:293209_C/A        3PRIME_UTR, CG11562:2, TRANSCRIPT:FBtr0078130, GENE:FBgn0031247(CG11562 protein_coding)
chr2L:293209_C/A        UPSTREAM, FBtr0078131
chr2L:294397_T/C        UPSTREAM, FBtr0078131
chr2L:294397_T/C        DOWNSTREAM, FBtr0078130
chr2L:294397_T/C        INTRON, TRANSCRIPT:FBtr0078133, GENE:FBgn0017457(U2af38 protein_coding)
chr2L:295741_A/G        UPSTREAM, FBtr0078133
chr2L:295741_A/G        SYNONYMOUS_CODING (Q), EXON:CG2720:3, TRANSCRIPT:FBtr0078131, GENE:FBgn0024352(Hop protein_coding)
chr2L:296890_G/A        UPSTREAM, FBtr0078132
chr2L:296890_G/A        INTRON, TRANSCRIPT:FBtr0078131, GENE:FBgn0024352(Hop protein_coding)
chr2L:297081_A/T        UPSTREAM, FBtr0078132
chr2L:297081_A/T        3PRIME_UTR, CG2720:4, TRANSCRIPT:FBtr0078131, GENE:FBgn0024352(Hop protein_coding)
chr2L:298709_C/T        DOWNSTREAM, FBtr0078131
chr2L:298709_C/T        INTRON, TRANSCRIPT:FBtr0078132, GENE:FBgn0020622(Pi3K21B protein_coding)
chr2L:300026_A/C        INTRON, TRANSCRIPT:FBtr0078132, GENE:FBgn0020622(Pi3K21B protein_coding)
chr2L:300522_A/T        INTRON, TRANSCRIPT:FBtr0078132, GENE:FBgn0020622(Pi3K21B protein_coding)
chr2L:301191_T/C        INTRON, TRANSCRIPT:FBtr0078132, GENE:FBgn0020622(Pi3K21B protein_coding)
chr2L:302900_C/T        3PRIME_UTR, CG2699:3, TRANSCRIPT:FBtr0078132, GENE:FBgn0020622(Pi3K21B protein_coding)
chr2L:307171_C/A        INTRON, TRANSCRIPT:FBtr0078047, GENE:FBgn0004611(Plc21C protein_coding)
chr2L:307171_C/A        INTRON, TRANSCRIPT:FBtr0078049, GENE:FBgn0004611(Plc21C protein_coding)
chr2L:307471_T/C        INTRON, TRANSCRIPT:FBtr0078047, GENE:FBgn0004611(Plc21C protein_coding)
chr2L:307471_T/C        INTRON, TRANSCRIPT:FBtr0078049, GENE:FBgn0004611(Plc21C protein_coding)
chr2L:309584_G/A        INTRON, TRANSCRIPT:FBtr0078047, GENE:FBgn0004611(Plc21C protein_coding)
chr2L:309584_G/A        INTRON, TRANSCRIPT:FBtr0078049, GENE:FBgn0004611(Plc21C protein_coding)
chr2L:309584_G/A        UPSTREAM, FBtr0078050
chr2L:309584_G/A        UPSTREAM, FBtr0078048
chr2L:310715_T/C        INTRON, TRANSCRIPT:FBtr0078050, GENE:FBgn0004611(Plc21C protein_coding)
chr2L:310715_T/C        INTRON, TRANSCRIPT:FBtr0078047, GENE:FBgn0004611(Plc21C protein_coding)
chr2L:310715_T/C        INTRON, TRANSCRIPT:FBtr0078048, GENE:FBgn0004611(Plc21C protein_coding)
chr2L:310715_T/C        INTRON, TRANSCRIPT:FBtr0078049, GENE:FBgn0004611(Plc21C protein_coding)
chr2L:310715_T/C        UPSTREAM, FBtr0078051
chr2L:311316_T/A        INTRON, TRANSCRIPT:FBtr0078050, GENE:FBgn0004611(Plc21C protein_coding)
chr2L:311316_T/A        INTRON, TRANSCRIPT:FBtr0078047, GENE:FBgn0004611(Plc21C protein_coding)
chr2L:311316_T/A        INTRON, TRANSCRIPT:FBtr0078048, GENE:FBgn0004611(Plc21C protein_coding)
chr2L:311316_T/A        INTRON, TRANSCRIPT:FBtr0078049, GENE:FBgn0004611(Plc21C protein_coding)
chr2L:311316_T/A        UPSTREAM, FBtr0078051
chr2L:312064_A/C        INTRON, TRANSCRIPT:FBtr0078050, GENE:FBgn0004611(Plc21C protein_coding)
chr2L:312064_A/C        INTRON, TRANSCRIPT:FBtr0078047, GENE:FBgn0004611(Plc21C protein_coding)
chr2L:312064_A/C        INTRON, TRANSCRIPT:FBtr0078048, GENE:FBgn0004611(Plc21C protein_coding)
chr2L:312064_A/C        INTRON, TRANSCRIPT:FBtr0078049, GENE:FBgn0004611(Plc21C protein_coding)
chr2L:312064_A/C        UPSTREAM, FBtr0078051
chr2L:312971_T/C        INTRON, TRANSCRIPT:FBtr0078050, GENE:FBgn0004611(Plc21C protein_coding)
chr2L:312971_T/C        INTRON, TRANSCRIPT:FBtr0078051, GENE:FBgn0004611(Plc21C protein_coding)
chr2L:312971_T/C        INTRON, TRANSCRIPT:FBtr0078047, GENE:FBgn0004611(Plc21C protein_coding)
chr2L:312971_T/C        INTRON, TRANSCRIPT:FBtr0078048, GENE:FBgn0004611(Plc21C protein_coding)
chr2L:312971_T/C        INTRON, TRANSCRIPT:FBtr0078049, GENE:FBgn0004611(Plc21C protein_coding)
chr2L:313379_G/T        INTRON, TRANSCRIPT:FBtr0078050, GENE:FBgn0004611(Plc21C protein_coding)
chr2L:313379_G/T        INTRON, TRANSCRIPT:FBtr0078051, GENE:FBgn0004611(Plc21C protein_coding)
chr2L:313379_G/T        INTRON, TRANSCRIPT:FBtr0078047, GENE:FBgn0004611(Plc21C protein_coding)
chr2L:313379_G/T        INTRON, TRANSCRIPT:FBtr0078048, GENE:FBgn0004611(Plc21C protein_coding)
chr2L:313379_G/T        INTRON, TRANSCRIPT:FBtr0078049, GENE:FBgn0004611(Plc21C protein_coding)
chr2L:313452_T/A        INTRON, TRANSCRIPT:FBtr0078050, GENE:FBgn0004611(Plc21C protein_coding)
chr2L:313452_T/A        INTRON, TRANSCRIPT:FBtr0078051, GENE:FBgn0004611(Plc21C protein_coding)
chr2L:313452_T/A        INTRON, TRANSCRIPT:FBtr0078047, GENE:FBgn0004611(Plc21C protein_coding)
chr2L:313452_T/A        INTRON, TRANSCRIPT:FBtr0078048, GENE:FBgn0004611(Plc21C protein_coding)
chr2L:313452_T/A        INTRON, TRANSCRIPT:FBtr0078049, GENE:FBgn0004611(Plc21C protein_coding)
chr2L:313471_C/T        INTRON, TRANSCRIPT:FBtr0078050, GENE:FBgn0004611(Plc21C protein_coding)
chr2L:313471_C/T        INTRON, TRANSCRIPT:FBtr0078051, GENE:FBgn0004611(Plc21C protein_coding)
chr2L:313471_C/T        INTRON, TRANSCRIPT:FBtr0078047, GENE:FBgn0004611(Plc21C protein_coding)
chr2L:313471_C/T        INTRON, TRANSCRIPT:FBtr0078048, GENE:FBgn0004611(Plc21C protein_coding)
chr2L:313471_C/T        INTRON, TRANSCRIPT:FBtr0078049, GENE:FBgn0004611(Plc21C protein_coding)
chr2L:313534_G/A        INTRON, TRANSCRIPT:FBtr0078050, GENE:FBgn0004611(Plc21C protein_coding)
chr2L:313534_G/A        INTRON, TRANSCRIPT:FBtr0078051, GENE:FBgn0004611(Plc21C protein_coding)
chr2L:313534_G/A        INTRON, TRANSCRIPT:FBtr0078047, GENE:FBgn0004611(Plc21C protein_coding)
chr2L:313534_G/A        INTRON, TRANSCRIPT:FBtr0078048, GENE:FBgn0004611(Plc21C protein_coding)
chr2L:313534_G/A        INTRON, TRANSCRIPT:FBtr0078049, GENE:FBgn0004611(Plc21C protein_coding)
chr2L:313559_T/C        INTRON, TRANSCRIPT:FBtr0078050, GENE:FBgn0004611(Plc21C protein_coding)
chr2L:313559_T/C        INTRON, TRANSCRIPT:FBtr0078051, GENE:FBgn0004611(Plc21C protein_coding)
chr2L:313559_T/C        INTRON, TRANSCRIPT:FBtr0078047, GENE:FBgn0004611(Plc21C protein_coding)
chr2L:313559_T/C        INTRON, TRANSCRIPT:FBtr0078048, GENE:FBgn0004611(Plc21C protein_coding)
chr2L:313559_T/C        INTRON, TRANSCRIPT:FBtr0078049, GENE:FBgn0004611(Plc21C protein_coding)
chr2L:313620_C/T        INTRON, TRANSCRIPT:FBtr0078050, GENE:FBgn0004611(Plc21C protein_coding)
chr2L:313620_C/T        INTRON, TRANSCRIPT:FBtr0078051, GENE:FBgn0004611(Plc21C protein_coding)
chr2L:313620_C/T        INTRON, TRANSCRIPT:FBtr0078047, GENE:FBgn0004611(Plc21C protein_coding)
chr2L:313620_C/T        INTRON, TRANSCRIPT:FBtr0078048, GENE:FBgn0004611(Plc21C protein_coding)
chr2L:313620_C/T        INTRON, TRANSCRIPT:FBtr0078049, GENE:FBgn0004611(Plc21C protein_coding)
chr2L:313656_T/C        INTRON, TRANSCRIPT:FBtr0078050, GENE:FBgn0004611(Plc21C protein_coding)
chr2L:313656_T/C        INTRON, TRANSCRIPT:FBtr0078051, GENE:FBgn0004611(Plc21C protein_coding)
chr2L:313656_T/C        INTRON, TRANSCRIPT:FBtr0078047, GENE:FBgn0004611(Plc21C protein_coding)
chr2L:313656_T/C        INTRON, TRANSCRIPT:FBtr0078048, GENE:FBgn0004611(Plc21C protein_coding)
chr2L:313656_T/C        INTRON, TRANSCRIPT:FBtr0078049, GENE:FBgn0004611(Plc21C protein_coding)
chr2L:313826_G/T        INTRON, TRANSCRIPT:FBtr0078050, GENE:FBgn0004611(Plc21C protein_coding)
chr2L:313826_G/T        INTRON, TRANSCRIPT:FBtr0078051, GENE:FBgn0004611(Plc21C protein_coding)
chr2L:313826_G/T        INTRON, TRANSCRIPT:FBtr0078047, GENE:FBgn0004611(Plc21C protein_coding)
chr2L:313826_G/T        INTRON, TRANSCRIPT:FBtr0078048, GENE:FBgn0004611(Plc21C protein_coding)
chr2L:313826_G/T        INTRON, TRANSCRIPT:FBtr0078049, GENE:FBgn0004611(Plc21C protein_coding)
chr2L:314200_T/C        INTRON, TRANSCRIPT:FBtr0078050, GENE:FBgn0004611(Plc21C protein_coding)
chr2L:314200_T/C        INTRON, TRANSCRIPT:FBtr0078051, GENE:FBgn0004611(Plc21C protein_coding)
chr2L:314200_T/C        INTRON, TRANSCRIPT:FBtr0078047, GENE:FBgn0004611(Plc21C protein_coding)
chr2L:314200_T/C        INTRON, TRANSCRIPT:FBtr0078048, GENE:FBgn0004611(Plc21C protein_coding)
chr2L:314200_T/C        INTRON, TRANSCRIPT:FBtr0078049, GENE:FBgn0004611(Plc21C protein_coding)
chr2L:314220_T/A        INTRON, TRANSCRIPT:FBtr0078050, GENE:FBgn0004611(Plc21C protein_coding)
chr2L:314220_T/A        INTRON, TRANSCRIPT:FBtr0078051, GENE:FBgn0004611(Plc21C protein_coding)
chr2L:314220_T/A        INTRON, TRANSCRIPT:FBtr0078047, GENE:FBgn0004611(Plc21C protein_coding)
chr2L:314220_T/A        INTRON, TRANSCRIPT:FBtr0078048, GENE:FBgn0004611(Plc21C protein_coding)
chr2L:314220_T/A        INTRON, TRANSCRIPT:FBtr0078049, GENE:FBgn0004611(Plc21C protein_coding)
chr2L:315338_A/C        INTRON, TRANSCRIPT:FBtr0078050, GENE:FBgn0004611(Plc21C protein_coding)
chr2L:315338_A/C        INTRON, TRANSCRIPT:FBtr0078051, GENE:FBgn0004611(Plc21C protein_coding)
chr2L:315338_A/C        INTRON, TRANSCRIPT:FBtr0078047, GENE:FBgn0004611(Plc21C protein_coding)
chr2L:315338_A/C        INTRON, TRANSCRIPT:FBtr0078048, GENE:FBgn0004611(Plc21C protein_coding)
chr2L:315338_A/C        INTRON, TRANSCRIPT:FBtr0078049, GENE:FBgn0004611(Plc21C protein_coding)
chr2L:315566_C/A        INTRON, TRANSCRIPT:FBtr0078050, GENE:FBgn0004611(Plc21C protein_coding)
chr2L:315566_C/A        INTRON, TRANSCRIPT:FBtr0078051, GENE:FBgn0004611(Plc21C protein_coding)
chr2L:315566_C/A        INTRON, TRANSCRIPT:FBtr0078047, GENE:FBgn0004611(Plc21C protein_coding)
chr2L:315566_C/A        INTRON, TRANSCRIPT:FBtr0078048, GENE:FBgn0004611(Plc21C protein_coding)
chr2L:315566_C/A        INTRON, TRANSCRIPT:FBtr0078049, GENE:FBgn0004611(Plc21C protein_coding)
chr2L:315965_G/A        INTRON, TRANSCRIPT:FBtr0078050, GENE:FBgn0004611(Plc21C protein_coding)
chr2L:315965_G/A        INTRON, TRANSCRIPT:FBtr0078051, GENE:FBgn0004611(Plc21C protein_coding)
chr2L:315965_G/A        INTRON, TRANSCRIPT:FBtr0078047, GENE:FBgn0004611(Plc21C protein_coding)
chr2L:315965_G/A        INTRON, TRANSCRIPT:FBtr0078048, GENE:FBgn0004611(Plc21C protein_coding)
chr2L:315965_G/A        INTRON, TRANSCRIPT:FBtr0078049, GENE:FBgn0004611(Plc21C protein_coding)
chr2L:316664_A/C        INTRON, TRANSCRIPT:FBtr0078050, GENE:FBgn0004611(Plc21C protein_coding)
chr2L:316664_A/C        INTRON, TRANSCRIPT:FBtr0078051, GENE:FBgn0004611(Plc21C protein_coding)
chr2L:316664_A/C        INTRON, TRANSCRIPT:FBtr0078047, GENE:FBgn0004611(Plc21C protein_coding)
